
this is a debug log for diagnosing/reporting problems in bzr
you can delete or truncate this file, or include sections in
bug reports to https://bugs.launchpad.net/bzr/+filebug

Wed 2018-06-20 09:56:57 +0000
0.095  bazaar version: 2.8.0dev1
0.095  bzr arguments: []
0.102  looking for plugins in /root/.bazaar/plugins
0.102  looking for plugins in /usr/lib/python2.7/dist-packages/bzrlib/plugins
0.126  encoding stdout as sys.stdout encoding 'ANSI_X3.4-1968'
0.129  encoding stdout as sys.stdout encoding 'ANSI_X3.4-1968'
0.131  Transferred: 0kB (0.0kB/s r:0kB w:0kB)
0.132  return code 0

Wed 2018-06-20 09:57:36 +0000
0.037  bazaar version: 2.8.0dev1
0.038  bzr arguments: [u'checkout', u'bzr://bzr.savannah.gnu.org/gsrc/trunk/', u'gsrc']
0.043  looking for plugins in /root/.bazaar/plugins
0.043  looking for plugins in /usr/lib/python2.7/dist-packages/bzrlib/plugins
0.052  encoding stdout as sys.stdout encoding 'ANSI_X3.4-1968'
9.214  Transferred: 0kB (0.0kB/s r:0kB w:0kB)
9.230  Traceback (most recent call last):
  File "/usr/lib/python2.7/dist-packages/bzrlib/commands.py", line 930, in exception_to_return_code
    return the_callable(*args, **kwargs)
  File "/usr/lib/python2.7/dist-packages/bzrlib/commands.py", line 1121, in run_bzr
    ret = run(*run_argv)
  File "/usr/lib/python2.7/dist-packages/bzrlib/commands.py", line 673, in run_argv_aliases
    return self.run(**all_cmd_args)
  File "/usr/lib/python2.7/dist-packages/bzrlib/commands.py", line 697, in run
    return self._operation.run_simple(*args, **kwargs)
  File "/usr/lib/python2.7/dist-packages/bzrlib/cleanup.py", line 136, in run_simple
    self.cleanups, self.func, *args, **kwargs)
  File "/usr/lib/python2.7/dist-packages/bzrlib/cleanup.py", line 166, in _do_with_cleanups
    result = func(*args, **kwargs)
  File "/usr/lib/python2.7/dist-packages/bzrlib/builtins.py", line 1641, in run
    branch_location)
  File "/usr/lib/python2.7/dist-packages/bzrlib/controldir.py", line 780, in open_tree_or_branch
    controldir = klass.open(location)
  File "/usr/lib/python2.7/dist-packages/bzrlib/controldir.py", line 689, in open
    _unsupported=_unsupported)
  File "/usr/lib/python2.7/dist-packages/bzrlib/controldir.py", line 723, in open_from_transport
    return format.open(transport, _found=True)
  File "/usr/lib/python2.7/dist-packages/bzrlib/bzrdir.py", line 1486, in open
    return self._open(transport)
  File "/usr/lib/python2.7/dist-packages/bzrlib/remote.py", line 317, in _open
    return RemoteBzrDir(transport, self)
  File "/usr/lib/python2.7/dist-packages/bzrlib/remote.py", line 436, in __init__
    self._probe_bzrdir()
  File "/usr/lib/python2.7/dist-packages/bzrlib/remote.py", line 448, in _probe_bzrdir
    self._rpc_open_2_1(path)
  File "/usr/lib/python2.7/dist-packages/bzrlib/remote.py", line 455, in _rpc_open_2_1
    response = self._call('BzrDir.open_2.1', path)
  File "/usr/lib/python2.7/dist-packages/bzrlib/remote.py", line 73, in _call
    return self._client.call(method, *args)
  File "/usr/lib/python2.7/dist-packages/bzrlib/smart/client.py", line 59, in call
    result, protocol = self.call_expecting_body(method, *args)
  File "/usr/lib/python2.7/dist-packages/bzrlib/smart/client.py", line 72, in call_expecting_body
    method, args, expect_response_body=True)
  File "/usr/lib/python2.7/dist-packages/bzrlib/smart/client.py", line 55, in _call_and_read_response
    return request.call_and_read_response()
  File "/usr/lib/python2.7/dist-packages/bzrlib/smart/client.py", line 155, in call_and_read_response
    return self._call_determining_protocol_version()
  File "/usr/lib/python2.7/dist-packages/bzrlib/smart/client.py", line 218, in _call_determining_protocol_version
    response_tuple, response_handler = self._call(protocol_version)
  File "/usr/lib/python2.7/dist-packages/bzrlib/smart/client.py", line 189, in _call
    response_handler = self._send(protocol_version)
  File "/usr/lib/python2.7/dist-packages/bzrlib/smart/client.py", line 267, in _send
    self._send_no_retry(encoder)
  File "/usr/lib/python2.7/dist-packages/bzrlib/smart/client.py", line 315, in _send_no_retry
    encoder.call(self.method, *self.args)
  File "/usr/lib/python2.7/dist-packages/bzrlib/smart/protocol.py", line 1308, in call
    self._write_end()
  File "/usr/lib/python2.7/dist-packages/bzrlib/smart/protocol.py", line 1131, in _write_end
    self.flush()
  File "/usr/lib/python2.7/dist-packages/bzrlib/smart/protocol.py", line 1097, in flush
    self._real_write_func(''.join(self._buf))
  File "/usr/lib/python2.7/dist-packages/bzrlib/smart/medium.py", line 545, in accept_bytes
    self._accept_bytes(bytes)
  File "/usr/lib/python2.7/dist-packages/bzrlib/smart/medium.py", line 1176, in _accept_bytes
    self._medium._accept_bytes(bytes)
  File "/usr/lib/python2.7/dist-packages/bzrlib/smart/medium.py", line 1057, in _accept_bytes
    self._ensure_connection()
  File "/usr/lib/python2.7/dist-packages/bzrlib/smart/medium.py", line 1118, in _ensure_connection
    self._socket.connect(sockaddr)
  File "/usr/lib/python2.7/socket.py", line 228, in meth
    return getattr(self._sock,name)(*args)
KeyboardInterrupt

9.232  return code 3
